<?xml version="1.0" encoding="UTF-8"?>
<testsuite xmlns:xsi="http://www.w3.org/2001/XMLSchema-instance" xsi:noNamespaceSchemaLocation="https://maven.apache.org/surefire/maven-surefire-plugin/xsd/surefire-test-report.xsd" version="3.0.2" name="com.example.parcel.ParcelBackendApplicationTests" time="5.872" tests="1" errors="0" skipped="0" failures="0">
  <properties>
[...]
</properties>
  <testcase name="contextLoads" classname="com.example.parcel.ParcelBackendApplicationTests" time="0.732">
    <system-out><![CDATA[04:40:12.708 [main] INFO org.springframework.test.context.support.AnnotationConfigContextLoaderUtils -- Could not detect default configuration classes for test class [com.example.parcel.ParcelBackendApplicationTests]: ParcelBackendApplicationTests does not declare any static, non-private, non-final, nested classes annotated with @Configuration.
04:40:12.867 [main] INFO org.springframework.boot.test.context.SpringBootTestContextBootstrapper -- Found @SpringBootConfiguration com.example.parcel.ParcelBackendApplication for test class com.example.parcel.ParcelBackendApplicationTests

  .   ____          _            __ _ _
 /\\ / ___'_ __ _ _(_)_ __  __ _ \ \ \ \
( ( )\___ | '_ | '_| | '_ \/ _` | \ \ \ \
 \\/  ___)| |_)| | | | | || (_| |  ) ) ) )
  '  |____| .__|_| |_|_| |_\__, | / / / /
 =========|_|==============|___/=/_/_/_/

 :: Spring Boot ::                (v3.5.0)

2025-06-08T04:40:13.915Z  INFO 1562 --- [parcel-backend] [           main] c.e.p.ParcelBackendApplicationTests      : Starting ParcelBackendApplicationTests using Java 17.0.7 with PID 1562 (started by vscode in /workspaces/tech_eazy_-yashwp20042000-_aws_backend)
2025-06-08T04:40:13.916Z  INFO 1562 --- [parcel-backend] [           main] c.e.p.ParcelBackendApplicationTests      : No active profile set, falling back to 1 default profile: "default"
2025-06-08T04:40:15.121Z  INFO 1562 --- [parcel-backend] [           main] .s.d.r.c.RepositoryConfigurationDelegate : Bootstrapping Spring Data JPA repositories in DEFAULT mode.
2025-06-08T04:40:15.148Z  INFO 1562 --- [parcel-backend] [           main] .s.d.r.c.RepositoryConfigurationDelegate : Finished Spring Data repository scanning in 16 ms. Found 0 JPA repository interfaces.
2025-06-08T04:40:15.749Z  INFO 1562 --- [parcel-backend] [           main] com.zaxxer.hikari.HikariDataSource       : HikariPool-1 - Starting...
2025-06-08T04:40:15.964Z  INFO 1562 --- [parcel-backend] [           main] com.zaxxer.hikari.pool.HikariPool        : HikariPool-1 - Added connection conn0: url=jdbc:h2:mem:905a2900-b7d0-4424-9ada-09ef2f012b68 user=SA
2025-06-08T04:40:15.966Z  INFO 1562 --- [parcel-backend] [           main] com.zaxxer.hikari.HikariDataSource       : HikariPool-1 - Start completed.
2025-06-08T04:40:16.015Z  INFO 1562 --- [parcel-backend] [           main] o.hibernate.jpa.internal.util.LogHelper  : HHH000204: Processing PersistenceUnitInfo [name: default]
2025-06-08T04:40:16.082Z  INFO 1562 --- [parcel-backend] [           main] org.hibernate.Version                    : HHH000412: Hibernate ORM core version 6.6.15.Final
2025-06-08T04:40:16.125Z  INFO 1562 --- [parcel-backend] [           main] o.h.c.internal.RegionFactoryInitiator    : HHH000026: Second-level cache disabled
2025-06-08T04:40:16.486Z  INFO 1562 --- [parcel-backend] [           main] o.s.o.j.p.SpringPersistenceUnitInfo      : No LoadTimeWeaver setup: ignoring JPA class transformer
2025-06-08T04:40:16.583Z  INFO 1562 --- [parcel-backend] [           main] org.hibernate.orm.connections.pooling    : HHH10001005: Database info:
	Database JDBC URL [Connecting through datasource 'HikariDataSource (HikariPool-1)']
	Database driver: undefined/unknown
	Database version: 2.3.232
	Autocommit mode: undefined/unknown
	Isolation level: undefined/unknown
	Minimum pool size: undefined/unknown
	Maximum pool size: undefined/unknown
2025-06-08T04:40:16.918Z  INFO 1562 --- [parcel-backend] [           main] o.h.e.t.j.p.i.JtaPlatformInitiator       : HHH000489: No JTA platform available (set 'hibernate.transaction.jta.platform' to enable JTA platform integration)
2025-06-08T04:40:16.923Z  INFO 1562 --- [parcel-backend] [           main] j.LocalContainerEntityManagerFactoryBean : Initialized JPA EntityManagerFactory for persistence unit 'default'
2025-06-08T04:40:17.132Z  WARN 1562 --- [parcel-backend] [           main] JpaBaseConfiguration$JpaWebConfiguration : spring.jpa.open-in-view is enabled by default. Therefore, database queries may be performed during view rendering. Explicitly configure spring.jpa.open-in-view to disable this warning
2025-06-08T04:40:17.647Z  INFO 1562 --- [parcel-backend] [           main] c.e.p.ParcelBackendApplicationTests      : Started ParcelBackendApplicationTests in 4.506 seconds (process running for 5.924)
]]></system-out>
  </testcase>
</testsuite>